#
# There is insufficient memory for the Java Runtime Environment to continue.
# Native memory allocation (malloc) failed to allocate 1048576 bytes for AllocateHeap
# Possible reasons:
#   The system is out of physical RAM or swap space
#   In 32 bit mode, the process size limit was hit
# Possible solutions:
#   Reduce memory load on the system
#   Increase physical memory or swap space
#   Check if swap backing store is full
#   Use 64 bit Java on a 64 bit OS
#   Decrease Java heap size (-Xmx/-Xms)
#   Decrease number of Java threads
#   Decrease Java thread stack sizes (-Xss)
#   Set larger code cache with -XX:ReservedCodeCacheSize=
# This output file may be truncated or incomplete.
#
#  Out of Memory Error (memory/allocation.inline.hpp:61), pid=13492, tid=0x00000000000034d0
#
# JRE version:  (8.0_152-b16) (build )
# Java VM: Java HotSpot(TM) 64-Bit Server VM (25.152-b16 mixed mode windows-amd64 compressed oops)
# Failed to write core dump. Minidumps are not enabled by default on client versions of Windows
#

---------------  T H R E A D  ---------------

Current thread (0x0000000001ebf000):  JavaThread "Unknown thread" [_thread_in_vm, id=13520, stack(0x0000000001ee0000,0x0000000001fe0000)]

Stack: [0x0000000001ee0000,0x0000000001fe0000]
[error occurred during error reporting (printing stack bounds), id 0xc0000005]

Native frames: (J=compiled Java code, j=interpreted, Vv=VM code, C=native code)


---------------  P R O C E S S  ---------------

Java Threads: ( => current thread )

Other Threads:

=>0x0000000001ebf000 (exited) JavaThread "Unknown thread" [_thread_in_vm, id=13520, stack(0x0000000001ee0000,0x0000000001fe0000)]

VM state:not at safepoint (normal execution)

VM Mutex/Monitor currently owned by a thread: None

Heap:
 PSYoungGen      total 18432K, used 317K [0x00000000eb600000, 0x00000000eca80000, 0x0000000100000000)
  eden space 15872K, 2% used [0x00000000eb600000,0x00000000eb64f5d0,0x00000000ec580000)
  from space 2560K, 0% used [0x00000000ec800000,0x00000000ec800000,0x00000000eca80000)
  to   space 2560K, 0% used [0x00000000ec580000,0x00000000ec580000,0x00000000ec800000)
 ParOldGen       total 42496K, used 0K [0x00000000c2200000, 0x00000000c4b80000, 0x00000000eb600000)
  object space 42496K, 0% used [0x00000000c2200000,0x00000000c2200000,0x00000000c4b80000)
 Metaspace       used 770K, capacity 4480K, committed 4480K, reserved 1056768K
  class space    used 75K, capacity 384K, committed 384K, reserved 1048576K

Card table byte_map: [0x0000000011740000,0x0000000011930000] byte_map_base: 0x000000001112f000

Marking Bits: (ParMarkBitMap*) 0x0000000065d10860
 Begin Bits: [0x0000000012200000, 0x0000000013178000)
 End Bits:   [0x0000000013178000, 0x00000000140f0000)

Polling page: 0x0000000000400000

CodeCache: size=245760Kb used=328Kb max_used=328Kb free=245431Kb
 bounds [0x0000000002380000, 0x00000000025f0000, 0x0000000011380000]
 total_blobs=58 nmethods=0 adapters=38
 compilation: enabled

Compilation events (0 events):
No events

GC Heap History (0 events):
No events

Deoptimization events (0 events):
No events

Classes redefined (0 events):
No events

Internal exceptions (0 events):
No events

Events (10 events):
Event: 0.094 loading class java/lang/Short
Event: 0.094 loading class java/lang/Short done
Event: 0.094 loading class java/lang/Integer
Event: 0.094 loading class java/lang/Integer done
Event: 0.094 loading class java/lang/Long
Event: 0.094 loading class java/lang/Long done
Event: 0.096 loading class java/lang/NullPointerException
Event: 0.096 loading class java/lang/NullPointerException done
Event: 0.096 loading class java/lang/ArithmeticException
Event: 0.096 loading class java/lang/ArithmeticException done


Dynamic libraries:
0x000000013f930000 - 0x000000013f967000 	H:\Program Files\Java\jdk1.8.0_152\bin\javaw.exe
0x0000000077300000 - 0x00000000774aa000 	H:\Windows\SYSTEM32\ntdll.dll
0x00000000771e0000 - 0x00000000772ff000 	H:\Windows\system32\kernel32.dll
0x000007fefd040000 - 0x000007fefd0aa000 	H:\Windows\system32\KERNELBASE.dll
0x000007fefed70000 - 0x000007fefee4b000 	H:\Windows\system32\ADVAPI32.dll
0x000007feff500000 - 0x000007feff59f000 	H:\Windows\system32\msvcrt.dll
0x000007feff0e0000 - 0x000007feff0ff000 	H:\Windows\SYSTEM32\sechost.dll
0x000007fefef60000 - 0x000007feff08d000 	H:\Windows\system32\RPCRT4.dll
0x00000000770e0000 - 0x00000000771da000 	H:\Windows\system32\USER32.dll
0x000007feff5a0000 - 0x000007feff607000 	H:\Windows\system32\GDI32.dll
0x000007fefed60000 - 0x000007fefed6e000 	H:\Windows\system32\LPK.dll
0x000007feff100000 - 0x000007feff1cb000 	H:\Windows\system32\USP10.dll
0x000007fefb310000 - 0x000007fefb504000 	H:\Windows\WinSxS\amd64_microsoft.windows.common-controls_6595b64144ccf1df_6.0.7601.18837_none_fa3b1e3d17594757\COMCTL32.dll
0x000007fefdca0000 - 0x000007fefdd11000 	H:\Windows\system32\SHLWAPI.dll
0x000007fefddc0000 - 0x000007fefddee000 	H:\Windows\system32\IMM32.DLL
0x000007fefee50000 - 0x000007fefef59000 	H:\Windows\system32\MSCTF.dll
0x0000000065d90000 - 0x0000000065e62000 	H:\Program Files\Java\jdk1.8.0_152\jre\bin\msvcr100.dll
0x00000000654f0000 - 0x0000000065d90000 	H:\Program Files\Java\jdk1.8.0_152\jre\bin\server\jvm.dll
0x000007fef7af0000 - 0x000007fef7af9000 	H:\Windows\system32\WSOCK32.dll
0x000007feff090000 - 0x000007feff0dd000 	H:\Windows\system32\WS2_32.dll
0x000007fefdc30000 - 0x000007fefdc38000 	H:\Windows\system32\NSI.dll
0x000007fef8df0000 - 0x000007fef8e2b000 	H:\Windows\system32\WINMM.dll
0x000007fefc0d0000 - 0x000007fefc0dc000 	H:\Windows\system32\VERSION.dll
0x00000000774d0000 - 0x00000000774d7000 	H:\Windows\system32\PSAPI.DLL
0x00000000672d0000 - 0x00000000672df000 	H:\Program Files\Java\jdk1.8.0_152\jre\bin\verify.dll
0x00000000672a0000 - 0x00000000672c9000 	H:\Program Files\Java\jdk1.8.0_152\jre\bin\java.dll
0x0000000067280000 - 0x0000000067296000 	H:\Program Files\Java\jdk1.8.0_152\jre\bin\zip.dll

VM Arguments:
jvm_args: -Dfile.encoding=Cp1250 
java_command: com.dziadekprzemek.LoginWindow
java_class_path (initial): H:\Program Files\Java\jdk1.8.0_152\jre\lib\resources.jar;H:\Program Files\Java\jdk1.8.0_152\jre\lib\rt.jar;H:\Program Files\Java\jdk1.8.0_152\jre\lib\jsse.jar;H:\Program Files\Java\jdk1.8.0_152\jre\lib\jce.jar;H:\Program Files\Java\jdk1.8.0_152\jre\lib\charsets.jar;H:\Program Files\Java\jdk1.8.0_152\jre\lib\jfr.jar;H:\Program Files\Java\jdk1.8.0_152\jre\lib\ext\access-bridge-64.jar;H:\Program Files\Java\jdk1.8.0_152\jre\lib\ext\cldrdata.jar;H:\Program Files\Java\jdk1.8.0_152\jre\lib\ext\dnsns.jar;H:\Program Files\Java\jdk1.8.0_152\jre\lib\ext\jaccess.jar;H:\Program Files\Java\jdk1.8.0_152\jre\lib\ext\jfxrt.jar;H:\Program Files\Java\jdk1.8.0_152\jre\lib\ext\localedata.jar;H:\Program Files\Java\jdk1.8.0_152\jre\lib\ext\nashorn.jar;H:\Program Files\Java\jdk1.8.0_152\jre\lib\ext\sunec.jar;H:\Program Files\Java\jdk1.8.0_152\jre\lib\ext\sunjce_provider.jar;H:\Program Files\Java\jdk1.8.0_152\jre\lib\ext\sunmscapi.jar;H:\Program Files\Java\jdk1.8.0_152\jre\lib\ext\sunpkcs11.jar;H:\Program Files\Java\jdk1.8.0_152\jre\lib\ext\zipfs.jar;H:\Users\Dev\git\Library Client System\Library-Client-System\target\classes;H:\Users\Dev\.m2\repository\mysql\mysql-connector-java\6.0.6\mysql-connector-java-6.0.6.jar
Launcher Type: SUN_STANDARD

Environment Variables:
JAVA_HOME=H:\Program Files\Java\jdk1.8.0_152
PATH=H:/Program Files/Java/jre1.8.0_152/bin/server;H:/Program Files/Java/jre1.8.0_152/bin;H:/Program Files/Java/jre1.8.0_152/lib/amd64;H:\ProgramData\Oracle\Java\javapath;H:\Windows\system32;H:\Windows;H:\Windows\System32\Wbem;H:\Windows\System32\WindowsPowerShell\v1.0\;H:\Program Files\Intel\WiFi\bin\;H:\Program Files\Common Files\Intel\WirelessCommon\;H:\Program Files (x86)\Intel\OpenCL SDK\2.0\bin\x86;H:\Program Files (x86)\Intel\OpenCL SDK\2.0\bin\x64;%M2_HOME%\bin;H:\Program Files\Java\jdk1.8.0_152\bin;H:\Dev\Programy\Git\cmd;H:\Program Files\MySQL\MySQL Utilities 1.6\;H:\Program Files\Intel\WiFi\bin\;H:\Program Files\Common Files\Intel\WirelessCommon\;H:\Dev\Programy\apache-maven-3.5.0\bin;H:\Users\Dev\Desktop;
USERNAME=Dev
OS=Windows_NT
PROCESSOR_IDENTIFIER=Intel64 Family 6 Model 58 Stepping 9, GenuineIntel



---------------  S Y S T E M  ---------------

OS: Windows 7 , 64 bit Build 7601 (6.1.7601.23915)

CPU:total 4 (initial active 4) (2 cores per cpu, 2 threads per core) family 6 model 58 stepping 9, cmov, cx8, fxsr, mmx, sse, sse2, sse3, ssse3, sse4.1, sse4.2, popcnt, avx, aes, clmul, erms, ht, tsc, tscinvbit, tscinv

Memory: 4k page, physical 4051488k(442972k free), swap 16176140k(21700k free)

vm_info: Java HotSpot(TM) 64-Bit Server VM (25.152-b16) for windows-amd64 JRE (1.8.0_152-b16), built on Sep 14 2017 02:29:36 by "java_re" with MS VC++ 10.0 (VS2010)

time: Sat Nov 04 15:22:33 2017
elapsed time: 0 seconds (0d 0h 0m 0s)

